Performing C SOURCE FILE Test CMAKE_HAVE_LIBC_PTHREAD failed with the following output:
Change Dir: /home/wayne/catkin_slam/src/A-LOAM-devel/cmake-build-debug/CMakeFiles/CMakeTmp

Run Build Command(s):/home/wayne/clion-2022.1/bin/ninja/linux/ninja cmTC_1b496 && [1/2] Building C object CMakeFiles/cmTC_1b496.dir/src.c.o
[2/2] Linking C executable cmTC_1b496
FAILED: cmTC_1b496 
: && /usr/bin/cc  -rdynamic CMakeFiles/cmTC_1b496.dir/src.c.o -o cmTC_1b496   && :
CMakeFiles/cmTC_1b496.dir/src.c.o：在函数‘main’中：
src.c:(.text+0x2d)：对‘pthread_create’未定义的引用
src.c:(.text+0x39)：对‘pthread_detach’未定义的引用
src.c:(.text+0x45)：对‘pthread_cancel’未定义的引用
src.c:(.text+0x56)：对‘pthread_join’未定义的引用
src.c:(.text+0x6a)：对‘pthread_atfork’未定义的引用
collect2: 错误：ld 返回 1
ninja: build stopped: subcommand failed.


Source file was:
#include <pthread.h>

static void* test_func(void* data)
{
  return data;
}

int main(void)
{
  pthread_t thread;
  pthread_create(&thread, NULL, test_func, NULL);
  pthread_detach(thread);
  pthread_cancel(thread);
  pthread_join(thread, NULL);
  pthread_atfork(NULL, NULL, NULL);
  pthread_exit(NULL);

  return 0;
}

Determining if the function pthread_create exists in the pthreads failed with the following output:
Change Dir: /home/wayne/catkin_slam/src/A-LOAM-devel/cmake-build-debug/CMakeFiles/CMakeTmp

Run Build Command(s):/home/wayne/clion-2022.1/bin/ninja/linux/ninja cmTC_e0a43 && [1/2] Building C object CMakeFiles/cmTC_e0a43.dir/CheckFunctionExists.c.o
[2/2] Linking C executable cmTC_e0a43
FAILED: cmTC_e0a43 
: && /usr/bin/cc -DCHECK_FUNCTION_EXISTS=pthread_create -rdynamic CMakeFiles/cmTC_e0a43.dir/CheckFunctionExists.c.o -o cmTC_e0a43  -lpthreads && :
/usr/bin/ld: 找不到 -lpthreads
collect2: 错误：ld 返回 1
ninja: build stopped: subcommand failed.



