The system is: Linux - 5.4.0-117-generic - x86_64
Compiling the C compiler identification source file "CMakeCCompilerId.c" succeeded.
Compiler: /usr/bin/cc 
Build flags: 
Id flags:  

The output was:
0


Compilation of the C compiler identification source "CMakeCCompilerId.c" produced "a.out"

The C compiler identification is GNU, found in "/home/wayne/catkin_slam/src/A-LOAM-devel/cmake-build-debug/CMakeFiles/3.22.3/CompilerIdC/a.out"

Compiling the CXX compiler identification source file "CMakeCXXCompilerId.cpp" succeeded.
Compiler: /usr/bin/c++ 
Build flags: 
Id flags:  

The output was:
0


Compilation of the CXX compiler identification source "CMakeCXXCompilerId.cpp" produced "a.out"

The CXX compiler identification is GNU, found in "/home/wayne/catkin_slam/src/A-LOAM-devel/cmake-build-debug/CMakeFiles/3.22.3/CompilerIdCXX/a.out"

Detecting C compiler ABI info compiled with the following output:
Change Dir: /home/wayne/catkin_slam/src/A-LOAM-devel/cmake-build-debug/CMakeFiles/CMakeTmp

Run Build Command(s):/home/wayne/clion-2022.1/bin/ninja/linux/ninja cmTC_6d187 && [1/2] Building C object CMakeFiles/cmTC_6d187.dir/CMakeCCompilerABI.c.o
Using built-in specs.
COLLECT_GCC=/usr/bin/cc
Target: x86_64-pc-linux-gnu
Configured with: ../configure --prefix=/usr/local/gcc-10.1.0/ --enable-checking=release --enable-languages=c,c++ --disable-multilib --with-gmp=/usr/local/gmp-6.2.1 --with-mpfr=/usr/local/mpfr-4.1.0 --with-mpc=/usr/local/mpc-1.2.1
Thread model: posix
Supported LTO compression algorithms: zlib
gcc version 10.1.0 (GCC) 
COLLECT_GCC_OPTIONS='-v' '-o' 'CMakeFiles/cmTC_6d187.dir/CMakeCCompilerABI.c.o' '-c' '-mtune=generic' '-march=x86-64'
 /usr/local/gcc-10.1.0/libexec/gcc/x86_64-pc-linux-gnu/10.1.0/cc1 -quiet -v -imultiarch x86_64-linux-gnu /home/wayne/clion-2022.1/bin/cmake/linux/share/cmake-3.22/Modules/CMakeCCompilerABI.c -quiet -dumpbase CMakeCCompilerABI.c -mtune=generic -march=x86-64 -auxbase-strip CMakeFiles/cmTC_6d187.dir/CMakeCCompilerABI.c.o -version -o /tmp/cc32GV0M.s
GNU C17 (GCC) version 10.1.0 (x86_64-pc-linux-gnu)
	compiled by GNU C version 10.1.0, GMP version 6.2.1, MPFR version 4.1.0, MPC version 1.2.1, isl version none
warning: GMP header version 6.2.1 differs from library version 6.1.2.
warning: MPFR header version 4.1.0 differs from library version 4.0.1.
warning: MPC header version 1.2.1 differs from library version 1.1.0.
GGC heuristics: --param ggc-min-expand=100 --param ggc-min-heapsize=131072
ignoring nonexistent directory "/usr/local/include/x86_64-linux-gnu"
ignoring nonexistent directory "/usr/local/gcc-10.1.0/lib/gcc/x86_64-pc-linux-gnu/10.1.0/../../../../x86_64-pc-linux-gnu/include"
#include "..." search starts here:
#include <...> search starts here:
 /usr/local/gcc-10.1.0/lib/gcc/x86_64-pc-linux-gnu/10.1.0/include
 /usr/local/include
 /usr/local/gcc-10.1.0/include
 /usr/local/gcc-10.1.0/lib/gcc/x86_64-pc-linux-gnu/10.1.0/include-fixed
 /usr/include/x86_64-linux-gnu
 /usr/include
End of search list.
GNU C17 (GCC) version 10.1.0 (x86_64-pc-linux-gnu)
	compiled by GNU C version 10.1.0, GMP version 6.2.1, MPFR version 4.1.0, MPC version 1.2.1, isl version none
warning: GMP header version 6.2.1 differs from library version 6.1.2.
warning: MPFR header version 4.1.0 differs from library version 4.0.1.
warning: MPC header version 1.2.1 differs from library version 1.1.0.
GGC heuristics: --param ggc-min-expand=100 --param ggc-min-heapsize=131072
Compiler executable checksum: 6cca3e2df69f42e78012731a6d4fede6
COLLECT_GCC_OPTIONS='-v' '-o' 'CMakeFiles/cmTC_6d187.dir/CMakeCCompilerABI.c.o' '-c' '-mtune=generic' '-march=x86-64'
 as -v --64 -o CMakeFiles/cmTC_6d187.dir/CMakeCCompilerABI.c.o /tmp/cc32GV0M.s
GNU assembler version 2.30 (x86_64-linux-gnu) using BFD version (GNU Binutils for Ubuntu) 2.30
COMPILER_PATH=/usr/local/gcc-10.1.0/libexec/gcc/x86_64-pc-linux-gnu/10.1.0/:/usr/local/gcc-10.1.0/libexec/gcc/x86_64-pc-linux-gnu/10.1.0/:/usr/local/gcc-10.1.0/libexec/gcc/x86_64-pc-linux-gnu/:/usr/local/gcc-10.1.0/lib/gcc/x86_64-pc-linux-gnu/10.1.0/:/usr/local/gcc-10.1.0/lib/gcc/x86_64-pc-linux-gnu/
LIBRARY_PATH=/usr/local/gcc-10.1.0/lib/gcc/x86_64-pc-linux-gnu/10.1.0/:/usr/local/gcc-10.1.0/lib/gcc/x86_64-pc-linux-gnu/10.1.0/../../../../lib64/:/lib/x86_64-linux-gnu/:/lib/../lib64/:/usr/lib/x86_64-linux-gnu/:/usr/local/gcc-10.1.0/lib/gcc/x86_64-pc-linux-gnu/10.1.0/../../../:/lib/:/usr/lib/
COLLECT_GCC_OPTIONS='-v' '-o' 'CMakeFiles/cmTC_6d187.dir/CMakeCCompilerABI.c.o' '-c' '-mtune=generic' '-march=x86-64'
[2/2] Linking C executable cmTC_6d187
Using built-in specs.
COLLECT_GCC=/usr/bin/cc
COLLECT_LTO_WRAPPER=/usr/local/gcc-10.1.0/libexec/gcc/x86_64-pc-linux-gnu/10.1.0/lto-wrapper
Target: x86_64-pc-linux-gnu
Configured with: ../configure --prefix=/usr/local/gcc-10.1.0/ --enable-checking=release --enable-languages=c,c++ --disable-multilib --with-gmp=/usr/local/gmp-6.2.1 --with-mpfr=/usr/local/mpfr-4.1.0 --with-mpc=/usr/local/mpc-1.2.1
Thread model: posix
Supported LTO compression algorithms: zlib
gcc version 10.1.0 (GCC) 
COMPILER_PATH=/usr/local/gcc-10.1.0/libexec/gcc/x86_64-pc-linux-gnu/10.1.0/:/usr/local/gcc-10.1.0/libexec/gcc/x86_64-pc-linux-gnu/10.1.0/:/usr/local/gcc-10.1.0/libexec/gcc/x86_64-pc-linux-gnu/:/usr/local/gcc-10.1.0/lib/gcc/x86_64-pc-linux-gnu/10.1.0/:/usr/local/gcc-10.1.0/lib/gcc/x86_64-pc-linux-gnu/
LIBRARY_PATH=/usr/local/gcc-10.1.0/lib/gcc/x86_64-pc-linux-gnu/10.1.0/:/usr/local/gcc-10.1.0/lib/gcc/x86_64-pc-linux-gnu/10.1.0/../../../../lib64/:/lib/x86_64-linux-gnu/:/lib/../lib64/:/usr/lib/x86_64-linux-gnu/:/usr/local/gcc-10.1.0/lib/gcc/x86_64-pc-linux-gnu/10.1.0/../../../:/lib/:/usr/lib/
COLLECT_GCC_OPTIONS='-v' '-rdynamic' '-o' 'cmTC_6d187' '-mtune=generic' '-march=x86-64'
 /usr/local/gcc-10.1.0/libexec/gcc/x86_64-pc-linux-gnu/10.1.0/collect2 -plugin /usr/local/gcc-10.1.0/libexec/gcc/x86_64-pc-linux-gnu/10.1.0/liblto_plugin.so -plugin-opt=/usr/local/gcc-10.1.0/libexec/gcc/x86_64-pc-linux-gnu/10.1.0/lto-wrapper -plugin-opt=-fresolution=/tmp/ccpaSMMK.res -plugin-opt=-pass-through=-lgcc -plugin-opt=-pass-through=-lgcc_s -plugin-opt=-pass-through=-lc -plugin-opt=-pass-through=-lgcc -plugin-opt=-pass-through=-lgcc_s --eh-frame-hdr -m elf_x86_64 -export-dynamic -dynamic-linker /lib64/ld-linux-x86-64.so.2 -o cmTC_6d187 /usr/lib/x86_64-linux-gnu/crt1.o /usr/lib/x86_64-linux-gnu/crti.o /usr/local/gcc-10.1.0/lib/gcc/x86_64-pc-linux-gnu/10.1.0/crtbegin.o -L/usr/local/gcc-10.1.0/lib/gcc/x86_64-pc-linux-gnu/10.1.0 -L/usr/local/gcc-10.1.0/lib/gcc/x86_64-pc-linux-gnu/10.1.0/../../../../lib64 -L/lib/x86_64-linux-gnu -L/lib/../lib64 -L/usr/lib/x86_64-linux-gnu -L/usr/local/gcc-10.1.0/lib/gcc/x86_64-pc-linux-gnu/10.1.0/../../.. CMakeFiles/cmTC_6d187.dir/CMakeCCompilerABI.c.o -lgcc --push-state --as-needed -lgcc_s --pop-state -lc -lgcc --push-state --as-needed -lgcc_s --pop-state /usr/local/gcc-10.1.0/lib/gcc/x86_64-pc-linux-gnu/10.1.0/crtend.o /usr/lib/x86_64-linux-gnu/crtn.o
COLLECT_GCC_OPTIONS='-v' '-rdynamic' '-o' 'cmTC_6d187' '-mtune=generic' '-march=x86-64'



Parsed C implicit include dir info from above output: rv=done
  found start of include info
  found start of implicit include info
    add: [/usr/local/gcc-10.1.0/lib/gcc/x86_64-pc-linux-gnu/10.1.0/include]
    add: [/usr/local/include]
    add: [/usr/local/gcc-10.1.0/include]
    add: [/usr/local/gcc-10.1.0/lib/gcc/x86_64-pc-linux-gnu/10.1.0/include-fixed]
    add: [/usr/include/x86_64-linux-gnu]
    add: [/usr/include]
  end of search list found
  collapse include dir [/usr/local/gcc-10.1.0/lib/gcc/x86_64-pc-linux-gnu/10.1.0/include] ==> [/usr/local/gcc-10.1.0/lib/gcc/x86_64-pc-linux-gnu/10.1.0/include]
  collapse include dir [/usr/local/include] ==> [/usr/local/include]
  collapse include dir [/usr/local/gcc-10.1.0/include] ==> [/usr/local/gcc-10.1.0/include]
  collapse include dir [/usr/local/gcc-10.1.0/lib/gcc/x86_64-pc-linux-gnu/10.1.0/include-fixed] ==> [/usr/local/gcc-10.1.0/lib/gcc/x86_64-pc-linux-gnu/10.1.0/include-fixed]
  collapse include dir [/usr/include/x86_64-linux-gnu] ==> [/usr/include/x86_64-linux-gnu]
  collapse include dir [/usr/include] ==> [/usr/include]
  implicit include dirs: [/usr/local/gcc-10.1.0/lib/gcc/x86_64-pc-linux-gnu/10.1.0/include;/usr/local/include;/usr/local/gcc-10.1.0/include;/usr/local/gcc-10.1.0/lib/gcc/x86_64-pc-linux-gnu/10.1.0/include-fixed;/usr/include/x86_64-linux-gnu;/usr/include]


Parsed C implicit link information from above output:
  link line regex: [^( *|.*[/\])(ld|CMAKE_LINK_STARTFILE-NOTFOUND|([^/\]+-)?ld|collect2)[^/\]*( |$)]
  ignore line: [Change Dir: /home/wayne/catkin_slam/src/A-LOAM-devel/cmake-build-debug/CMakeFiles/CMakeTmp]
  ignore line: []
  ignore line: [Run Build Command(s):/home/wayne/clion-2022.1/bin/ninja/linux/ninja cmTC_6d187 && [1/2] Building C object CMakeFiles/cmTC_6d187.dir/CMakeCCompilerABI.c.o]
  ignore line: [Using built-in specs.]
  ignore line: [COLLECT_GCC=/usr/bin/cc]
  ignore line: [Target: x86_64-pc-linux-gnu]
  ignore line: [Configured with: ../configure --prefix=/usr/local/gcc-10.1.0/ --enable-checking=release --enable-languages=c c++ --disable-multilib --with-gmp=/usr/local/gmp-6.2.1 --with-mpfr=/usr/local/mpfr-4.1.0 --with-mpc=/usr/local/mpc-1.2.1]
  ignore line: [Thread model: posix]
  ignore line: [Supported LTO compression algorithms: zlib]
  ignore line: [gcc version 10.1.0 (GCC) ]
  ignore line: [COLLECT_GCC_OPTIONS='-v' '-o' 'CMakeFiles/cmTC_6d187.dir/CMakeCCompilerABI.c.o' '-c' '-mtune=generic' '-march=x86-64']
  ignore line: [ /usr/local/gcc-10.1.0/libexec/gcc/x86_64-pc-linux-gnu/10.1.0/cc1 -quiet -v -imultiarch x86_64-linux-gnu /home/wayne/clion-2022.1/bin/cmake/linux/share/cmake-3.22/Modules/CMakeCCompilerABI.c -quiet -dumpbase CMakeCCompilerABI.c -mtune=generic -march=x86-64 -auxbase-strip CMakeFiles/cmTC_6d187.dir/CMakeCCompilerABI.c.o -version -o /tmp/cc32GV0M.s]
  ignore line: [GNU C17 (GCC) version 10.1.0 (x86_64-pc-linux-gnu)]
  ignore line: [	compiled by GNU C version 10.1.0  GMP version 6.2.1  MPFR version 4.1.0  MPC version 1.2.1  isl version none]
  ignore line: [warning: GMP header version 6.2.1 differs from library version 6.1.2.]
  ignore line: [warning: MPFR header version 4.1.0 differs from library version 4.0.1.]
  ignore line: [warning: MPC header version 1.2.1 differs from library version 1.1.0.]
  ignore line: [GGC heuristics: --param ggc-min-expand=100 --param ggc-min-heapsize=131072]
  ignore line: [ignoring nonexistent directory "/usr/local/include/x86_64-linux-gnu"]
  ignore line: [ignoring nonexistent directory "/usr/local/gcc-10.1.0/lib/gcc/x86_64-pc-linux-gnu/10.1.0/../../../../x86_64-pc-linux-gnu/include"]
  ignore line: [#include "..." search starts here:]
  ignore line: [#include <...> search starts here:]
  ignore line: [ /usr/local/gcc-10.1.0/lib/gcc/x86_64-pc-linux-gnu/10.1.0/include]
  ignore line: [ /usr/local/include]
  ignore line: [ /usr/local/gcc-10.1.0/include]
  ignore line: [ /usr/local/gcc-10.1.0/lib/gcc/x86_64-pc-linux-gnu/10.1.0/include-fixed]
  ignore line: [ /usr/include/x86_64-linux-gnu]
  ignore line: [ /usr/include]
  ignore line: [End of search list.]
  ignore line: [GNU C17 (GCC) version 10.1.0 (x86_64-pc-linux-gnu)]
  ignore line: [	compiled by GNU C version 10.1.0  GMP version 6.2.1  MPFR version 4.1.0  MPC version 1.2.1  isl version none]
  ignore line: [warning: GMP header version 6.2.1 differs from library version 6.1.2.]
  ignore line: [warning: MPFR header version 4.1.0 differs from library version 4.0.1.]
  ignore line: [warning: MPC header version 1.2.1 differs from library version 1.1.0.]
  ignore line: [GGC heuristics: --param ggc-min-expand=100 --param ggc-min-heapsize=131072]
  ignore line: [Compiler executable checksum: 6cca3e2df69f42e78012731a6d4fede6]
  ignore line: [COLLECT_GCC_OPTIONS='-v' '-o' 'CMakeFiles/cmTC_6d187.dir/CMakeCCompilerABI.c.o' '-c' '-mtune=generic' '-march=x86-64']
  ignore line: [ as -v --64 -o CMakeFiles/cmTC_6d187.dir/CMakeCCompilerABI.c.o /tmp/cc32GV0M.s]
  ignore line: [GNU assembler version 2.30 (x86_64-linux-gnu) using BFD version (GNU Binutils for Ubuntu) 2.30]
  ignore line: [COMPILER_PATH=/usr/local/gcc-10.1.0/libexec/gcc/x86_64-pc-linux-gnu/10.1.0/:/usr/local/gcc-10.1.0/libexec/gcc/x86_64-pc-linux-gnu/10.1.0/:/usr/local/gcc-10.1.0/libexec/gcc/x86_64-pc-linux-gnu/:/usr/local/gcc-10.1.0/lib/gcc/x86_64-pc-linux-gnu/10.1.0/:/usr/local/gcc-10.1.0/lib/gcc/x86_64-pc-linux-gnu/]
  ignore line: [LIBRARY_PATH=/usr/local/gcc-10.1.0/lib/gcc/x86_64-pc-linux-gnu/10.1.0/:/usr/local/gcc-10.1.0/lib/gcc/x86_64-pc-linux-gnu/10.1.0/../../../../lib64/:/lib/x86_64-linux-gnu/:/lib/../lib64/:/usr/lib/x86_64-linux-gnu/:/usr/local/gcc-10.1.0/lib/gcc/x86_64-pc-linux-gnu/10.1.0/../../../:/lib/:/usr/lib/]
  ignore line: [COLLECT_GCC_OPTIONS='-v' '-o' 'CMakeFiles/cmTC_6d187.dir/CMakeCCompilerABI.c.o' '-c' '-mtune=generic' '-march=x86-64']
  ignore line: [[2/2] Linking C executable cmTC_6d187]
  ignore line: [Using built-in specs.]
  ignore line: [COLLECT_GCC=/usr/bin/cc]
  ignore line: [COLLECT_LTO_WRAPPER=/usr/local/gcc-10.1.0/libexec/gcc/x86_64-pc-linux-gnu/10.1.0/lto-wrapper]
  ignore line: [Target: x86_64-pc-linux-gnu]
  ignore line: [Configured with: ../configure --prefix=/usr/local/gcc-10.1.0/ --enable-checking=release --enable-languages=c c++ --disable-multilib --with-gmp=/usr/local/gmp-6.2.1 --with-mpfr=/usr/local/mpfr-4.1.0 --with-mpc=/usr/local/mpc-1.2.1]
  ignore line: [Thread model: posix]
  ignore line: [Supported LTO compression algorithms: zlib]
  ignore line: [gcc version 10.1.0 (GCC) ]
  ignore line: [COMPILER_PATH=/usr/local/gcc-10.1.0/libexec/gcc/x86_64-pc-linux-gnu/10.1.0/:/usr/local/gcc-10.1.0/libexec/gcc/x86_64-pc-linux-gnu/10.1.0/:/usr/local/gcc-10.1.0/libexec/gcc/x86_64-pc-linux-gnu/:/usr/local/gcc-10.1.0/lib/gcc/x86_64-pc-linux-gnu/10.1.0/:/usr/local/gcc-10.1.0/lib/gcc/x86_64-pc-linux-gnu/]
  ignore line: [LIBRARY_PATH=/usr/local/gcc-10.1.0/lib/gcc/x86_64-pc-linux-gnu/10.1.0/:/usr/local/gcc-10.1.0/lib/gcc/x86_64-pc-linux-gnu/10.1.0/../../../../lib64/:/lib/x86_64-linux-gnu/:/lib/../lib64/:/usr/lib/x86_64-linux-gnu/:/usr/local/gcc-10.1.0/lib/gcc/x86_64-pc-linux-gnu/10.1.0/../../../:/lib/:/usr/lib/]
  ignore line: [COLLECT_GCC_OPTIONS='-v' '-rdynamic' '-o' 'cmTC_6d187' '-mtune=generic' '-march=x86-64']
  link line: [ /usr/local/gcc-10.1.0/libexec/gcc/x86_64-pc-linux-gnu/10.1.0/collect2 -plugin /usr/local/gcc-10.1.0/libexec/gcc/x86_64-pc-linux-gnu/10.1.0/liblto_plugin.so -plugin-opt=/usr/local/gcc-10.1.0/libexec/gcc/x86_64-pc-linux-gnu/10.1.0/lto-wrapper -plugin-opt=-fresolution=/tmp/ccpaSMMK.res -plugin-opt=-pass-through=-lgcc -plugin-opt=-pass-through=-lgcc_s -plugin-opt=-pass-through=-lc -plugin-opt=-pass-through=-lgcc -plugin-opt=-pass-through=-lgcc_s --eh-frame-hdr -m elf_x86_64 -export-dynamic -dynamic-linker /lib64/ld-linux-x86-64.so.2 -o cmTC_6d187 /usr/lib/x86_64-linux-gnu/crt1.o /usr/lib/x86_64-linux-gnu/crti.o /usr/local/gcc-10.1.0/lib/gcc/x86_64-pc-linux-gnu/10.1.0/crtbegin.o -L/usr/local/gcc-10.1.0/lib/gcc/x86_64-pc-linux-gnu/10.1.0 -L/usr/local/gcc-10.1.0/lib/gcc/x86_64-pc-linux-gnu/10.1.0/../../../../lib64 -L/lib/x86_64-linux-gnu -L/lib/../lib64 -L/usr/lib/x86_64-linux-gnu -L/usr/local/gcc-10.1.0/lib/gcc/x86_64-pc-linux-gnu/10.1.0/../../.. CMakeFiles/cmTC_6d187.dir/CMakeCCompilerABI.c.o -lgcc --push-state --as-needed -lgcc_s --pop-state -lc -lgcc --push-state --as-needed -lgcc_s --pop-state /usr/local/gcc-10.1.0/lib/gcc/x86_64-pc-linux-gnu/10.1.0/crtend.o /usr/lib/x86_64-linux-gnu/crtn.o]
    arg [/usr/local/gcc-10.1.0/libexec/gcc/x86_64-pc-linux-gnu/10.1.0/collect2] ==> ignore
    arg [-plugin] ==> ignore
    arg [/usr/local/gcc-10.1.0/libexec/gcc/x86_64-pc-linux-gnu/10.1.0/liblto_plugin.so] ==> ignore
    arg [-plugin-opt=/usr/local/gcc-10.1.0/libexec/gcc/x86_64-pc-linux-gnu/10.1.0/lto-wrapper] ==> ignore
    arg [-plugin-opt=-fresolution=/tmp/ccpaSMMK.res] ==> ignore
    arg [-plugin-opt=-pass-through=-lgcc] ==> ignore
    arg [-plugin-opt=-pass-through=-lgcc_s] ==> ignore
    arg [-plugin-opt=-pass-through=-lc] ==> ignore
    arg [-plugin-opt=-pass-through=-lgcc] ==> ignore
    arg [-plugin-opt=-pass-through=-lgcc_s] ==> ignore
    arg [--eh-frame-hdr] ==> ignore
    arg [-m] ==> ignore
    arg [elf_x86_64] ==> ignore
    arg [-export-dynamic] ==> ignore
    arg [-dynamic-linker] ==> ignore
    arg [/lib64/ld-linux-x86-64.so.2] ==> ignore
    arg [-o] ==> ignore
    arg [cmTC_6d187] ==> ignore
    arg [/usr/lib/x86_64-linux-gnu/crt1.o] ==> obj [/usr/lib/x86_64-linux-gnu/crt1.o]
    arg [/usr/lib/x86_64-linux-gnu/crti.o] ==> obj [/usr/lib/x86_64-linux-gnu/crti.o]
    arg [/usr/local/gcc-10.1.0/lib/gcc/x86_64-pc-linux-gnu/10.1.0/crtbegin.o] ==> obj [/usr/local/gcc-10.1.0/lib/gcc/x86_64-pc-linux-gnu/10.1.0/crtbegin.o]
    arg [-L/usr/local/gcc-10.1.0/lib/gcc/x86_64-pc-linux-gnu/10.1.0] ==> dir [/usr/local/gcc-10.1.0/lib/gcc/x86_64-pc-linux-gnu/10.1.0]
    arg [-L/usr/local/gcc-10.1.0/lib/gcc/x86_64-pc-linux-gnu/10.1.0/../../../../lib64] ==> dir [/usr/local/gcc-10.1.0/lib/gcc/x86_64-pc-linux-gnu/10.1.0/../../../../lib64]
    arg [-L/lib/x86_64-linux-gnu] ==> dir [/lib/x86_64-linux-gnu]
    arg [-L/lib/../lib64] ==> dir [/lib/../lib64]
    arg [-L/usr/lib/x86_64-linux-gnu] ==> dir [/usr/lib/x86_64-linux-gnu]
    arg [-L/usr/local/gcc-10.1.0/lib/gcc/x86_64-pc-linux-gnu/10.1.0/../../..] ==> dir [/usr/local/gcc-10.1.0/lib/gcc/x86_64-pc-linux-gnu/10.1.0/../../..]
    arg [CMakeFiles/cmTC_6d187.dir/CMakeCCompilerABI.c.o] ==> ignore
    arg [-lgcc] ==> lib [gcc]
    arg [--push-state] ==> ignore
    arg [--as-needed] ==> ignore
    arg [-lgcc_s] ==> lib [gcc_s]
    arg [--pop-state] ==> ignore
    arg [-lc] ==> lib [c]
    arg [-lgcc] ==> lib [gcc]
    arg [--push-state] ==> ignore
    arg [--as-needed] ==> ignore
    arg [-lgcc_s] ==> lib [gcc_s]
    arg [--pop-state] ==> ignore
    arg [/usr/local/gcc-10.1.0/lib/gcc/x86_64-pc-linux-gnu/10.1.0/crtend.o] ==> obj [/usr/local/gcc-10.1.0/lib/gcc/x86_64-pc-linux-gnu/10.1.0/crtend.o]
    arg [/usr/lib/x86_64-linux-gnu/crtn.o] ==> obj [/usr/lib/x86_64-linux-gnu/crtn.o]
  collapse library dir [/usr/local/gcc-10.1.0/lib/gcc/x86_64-pc-linux-gnu/10.1.0] ==> [/usr/local/gcc-10.1.0/lib/gcc/x86_64-pc-linux-gnu/10.1.0]
  collapse library dir [/usr/local/gcc-10.1.0/lib/gcc/x86_64-pc-linux-gnu/10.1.0/../../../../lib64] ==> [/usr/local/gcc-10.1.0/lib64]
  collapse library dir [/lib/x86_64-linux-gnu] ==> [/lib/x86_64-linux-gnu]
  collapse library dir [/lib/../lib64] ==> [/lib64]
  collapse library dir [/usr/lib/x86_64-linux-gnu] ==> [/usr/lib/x86_64-linux-gnu]
  collapse library dir [/usr/local/gcc-10.1.0/lib/gcc/x86_64-pc-linux-gnu/10.1.0/../../..] ==> [/usr/local/gcc-10.1.0/lib]
  implicit libs: [gcc;gcc_s;c;gcc;gcc_s]
  implicit objs: [/usr/lib/x86_64-linux-gnu/crt1.o;/usr/lib/x86_64-linux-gnu/crti.o;/usr/local/gcc-10.1.0/lib/gcc/x86_64-pc-linux-gnu/10.1.0/crtbegin.o;/usr/local/gcc-10.1.0/lib/gcc/x86_64-pc-linux-gnu/10.1.0/crtend.o;/usr/lib/x86_64-linux-gnu/crtn.o]
  implicit dirs: [/usr/local/gcc-10.1.0/lib/gcc/x86_64-pc-linux-gnu/10.1.0;/usr/local/gcc-10.1.0/lib64;/lib/x86_64-linux-gnu;/lib64;/usr/lib/x86_64-linux-gnu;/usr/local/gcc-10.1.0/lib]
  implicit fwks: []


Detecting CXX compiler ABI info compiled with the following output:
Change Dir: /home/wayne/catkin_slam/src/A-LOAM-devel/cmake-build-debug/CMakeFiles/CMakeTmp

Run Build Command(s):/home/wayne/clion-2022.1/bin/ninja/linux/ninja cmTC_84691 && [1/2] Building CXX object CMakeFiles/cmTC_84691.dir/CMakeCXXCompilerABI.cpp.o
Using built-in specs.
COLLECT_GCC=/usr/bin/c++
Target: x86_64-pc-linux-gnu
Configured with: ../configure --prefix=/usr/local/gcc-10.1.0/ --enable-checking=release --enable-languages=c,c++ --disable-multilib --with-gmp=/usr/local/gmp-6.2.1 --with-mpfr=/usr/local/mpfr-4.1.0 --with-mpc=/usr/local/mpc-1.2.1
Thread model: posix
Supported LTO compression algorithms: zlib
gcc version 10.1.0 (GCC) 
COLLECT_GCC_OPTIONS='-v' '-o' 'CMakeFiles/cmTC_84691.dir/CMakeCXXCompilerABI.cpp.o' '-c' '-shared-libgcc' '-mtune=generic' '-march=x86-64'
 /usr/local/gcc-10.1.0/libexec/gcc/x86_64-pc-linux-gnu/10.1.0/cc1plus -quiet -v -imultiarch x86_64-linux-gnu -D_GNU_SOURCE /home/wayne/clion-2022.1/bin/cmake/linux/share/cmake-3.22/Modules/CMakeCXXCompilerABI.cpp -quiet -dumpbase CMakeCXXCompilerABI.cpp -mtune=generic -march=x86-64 -auxbase-strip CMakeFiles/cmTC_84691.dir/CMakeCXXCompilerABI.cpp.o -version -o /tmp/ccy0wZWQ.s
GNU C++14 (GCC) version 10.1.0 (x86_64-pc-linux-gnu)
	compiled by GNU C version 10.1.0, GMP version 6.2.1, MPFR version 4.1.0, MPC version 1.2.1, isl version none
warning: GMP header version 6.2.1 differs from library version 6.1.2.
warning: MPFR header version 4.1.0 differs from library version 4.0.1.
warning: MPC header version 1.2.1 differs from library version 1.1.0.
GGC heuristics: --param ggc-min-expand=100 --param ggc-min-heapsize=131072
ignoring nonexistent directory "/usr/local/include/x86_64-linux-gnu"
ignoring nonexistent directory "/usr/local/gcc-10.1.0/lib/gcc/x86_64-pc-linux-gnu/10.1.0/../../../../x86_64-pc-linux-gnu/include"
#include "..." search starts here:
#include <...> search starts here:
 /usr/local/gcc-10.1.0/lib/gcc/x86_64-pc-linux-gnu/10.1.0/../../../../include/c++/10.1.0
 /usr/local/gcc-10.1.0/lib/gcc/x86_64-pc-linux-gnu/10.1.0/../../../../include/c++/10.1.0/x86_64-pc-linux-gnu
 /usr/local/gcc-10.1.0/lib/gcc/x86_64-pc-linux-gnu/10.1.0/../../../../include/c++/10.1.0/backward
 /usr/local/gcc-10.1.0/lib/gcc/x86_64-pc-linux-gnu/10.1.0/include
 /usr/local/include
 /usr/local/gcc-10.1.0/include
 /usr/local/gcc-10.1.0/lib/gcc/x86_64-pc-linux-gnu/10.1.0/include-fixed
 /usr/include/x86_64-linux-gnu
 /usr/include
End of search list.
GNU C++14 (GCC) version 10.1.0 (x86_64-pc-linux-gnu)
	compiled by GNU C version 10.1.0, GMP version 6.2.1, MPFR version 4.1.0, MPC version 1.2.1, isl version none
warning: GMP header version 6.2.1 differs from library version 6.1.2.
warning: MPFR header version 4.1.0 differs from library version 4.0.1.
warning: MPC header version 1.2.1 differs from library version 1.1.0.
GGC heuristics: --param ggc-min-expand=100 --param ggc-min-heapsize=131072
Compiler executable checksum: e16c94a29d509e85e8c6a074235312b6
COLLECT_GCC_OPTIONS='-v' '-o' 'CMakeFiles/cmTC_84691.dir/CMakeCXXCompilerABI.cpp.o' '-c' '-shared-libgcc' '-mtune=generic' '-march=x86-64'
 as -v --64 -o CMakeFiles/cmTC_84691.dir/CMakeCXXCompilerABI.cpp.o /tmp/ccy0wZWQ.s
GNU assembler version 2.30 (x86_64-linux-gnu) using BFD version (GNU Binutils for Ubuntu) 2.30
COMPILER_PATH=/usr/local/gcc-10.1.0/libexec/gcc/x86_64-pc-linux-gnu/10.1.0/:/usr/local/gcc-10.1.0/libexec/gcc/x86_64-pc-linux-gnu/10.1.0/:/usr/local/gcc-10.1.0/libexec/gcc/x86_64-pc-linux-gnu/:/usr/local/gcc-10.1.0/lib/gcc/x86_64-pc-linux-gnu/10.1.0/:/usr/local/gcc-10.1.0/lib/gcc/x86_64-pc-linux-gnu/
LIBRARY_PATH=/usr/local/gcc-10.1.0/lib/gcc/x86_64-pc-linux-gnu/10.1.0/:/usr/local/gcc-10.1.0/lib/gcc/x86_64-pc-linux-gnu/10.1.0/../../../../lib64/:/lib/x86_64-linux-gnu/:/lib/../lib64/:/usr/lib/x86_64-linux-gnu/:/usr/local/gcc-10.1.0/lib/gcc/x86_64-pc-linux-gnu/10.1.0/../../../:/lib/:/usr/lib/
COLLECT_GCC_OPTIONS='-v' '-o' 'CMakeFiles/cmTC_84691.dir/CMakeCXXCompilerABI.cpp.o' '-c' '-shared-libgcc' '-mtune=generic' '-march=x86-64'
[2/2] Linking CXX executable cmTC_84691
Using built-in specs.
COLLECT_GCC=/usr/bin/c++
COLLECT_LTO_WRAPPER=/usr/local/gcc-10.1.0/libexec/gcc/x86_64-pc-linux-gnu/10.1.0/lto-wrapper
Target: x86_64-pc-linux-gnu
Configured with: ../configure --prefix=/usr/local/gcc-10.1.0/ --enable-checking=release --enable-languages=c,c++ --disable-multilib --with-gmp=/usr/local/gmp-6.2.1 --with-mpfr=/usr/local/mpfr-4.1.0 --with-mpc=/usr/local/mpc-1.2.1
Thread model: posix
Supported LTO compression algorithms: zlib
gcc version 10.1.0 (GCC) 
COMPILER_PATH=/usr/local/gcc-10.1.0/libexec/gcc/x86_64-pc-linux-gnu/10.1.0/:/usr/local/gcc-10.1.0/libexec/gcc/x86_64-pc-linux-gnu/10.1.0/:/usr/local/gcc-10.1.0/libexec/gcc/x86_64-pc-linux-gnu/:/usr/local/gcc-10.1.0/lib/gcc/x86_64-pc-linux-gnu/10.1.0/:/usr/local/gcc-10.1.0/lib/gcc/x86_64-pc-linux-gnu/
LIBRARY_PATH=/usr/local/gcc-10.1.0/lib/gcc/x86_64-pc-linux-gnu/10.1.0/:/usr/local/gcc-10.1.0/lib/gcc/x86_64-pc-linux-gnu/10.1.0/../../../../lib64/:/lib/x86_64-linux-gnu/:/lib/../lib64/:/usr/lib/x86_64-linux-gnu/:/usr/local/gcc-10.1.0/lib/gcc/x86_64-pc-linux-gnu/10.1.0/../../../:/lib/:/usr/lib/
COLLECT_GCC_OPTIONS='-v' '-rdynamic' '-o' 'cmTC_84691' '-shared-libgcc' '-mtune=generic' '-march=x86-64'
 /usr/local/gcc-10.1.0/libexec/gcc/x86_64-pc-linux-gnu/10.1.0/collect2 -plugin /usr/local/gcc-10.1.0/libexec/gcc/x86_64-pc-linux-gnu/10.1.0/liblto_plugin.so -plugin-opt=/usr/local/gcc-10.1.0/libexec/gcc/x86_64-pc-linux-gnu/10.1.0/lto-wrapper -plugin-opt=-fresolution=/tmp/ccSSI66P.res -plugin-opt=-pass-through=-lgcc_s -plugin-opt=-pass-through=-lgcc -plugin-opt=-pass-through=-lc -plugin-opt=-pass-through=-lgcc_s -plugin-opt=-pass-through=-lgcc --eh-frame-hdr -m elf_x86_64 -export-dynamic -dynamic-linker /lib64/ld-linux-x86-64.so.2 -o cmTC_84691 /usr/lib/x86_64-linux-gnu/crt1.o /usr/lib/x86_64-linux-gnu/crti.o /usr/local/gcc-10.1.0/lib/gcc/x86_64-pc-linux-gnu/10.1.0/crtbegin.o -L/usr/local/gcc-10.1.0/lib/gcc/x86_64-pc-linux-gnu/10.1.0 -L/usr/local/gcc-10.1.0/lib/gcc/x86_64-pc-linux-gnu/10.1.0/../../../../lib64 -L/lib/x86_64-linux-gnu -L/lib/../lib64 -L/usr/lib/x86_64-linux-gnu -L/usr/local/gcc-10.1.0/lib/gcc/x86_64-pc-linux-gnu/10.1.0/../../.. CMakeFiles/cmTC_84691.dir/CMakeCXXCompilerABI.cpp.o -lstdc++ -lm -lgcc_s -lgcc -lc -lgcc_s -lgcc /usr/local/gcc-10.1.0/lib/gcc/x86_64-pc-linux-gnu/10.1.0/crtend.o /usr/lib/x86_64-linux-gnu/crtn.o
COLLECT_GCC_OPTIONS='-v' '-rdynamic' '-o' 'cmTC_84691' '-shared-libgcc' '-mtune=generic' '-march=x86-64'



Parsed CXX implicit include dir info from above output: rv=done
  found start of include info
  found start of implicit include info
    add: [/usr/local/gcc-10.1.0/lib/gcc/x86_64-pc-linux-gnu/10.1.0/../../../../include/c++/10.1.0]
    add: [/usr/local/gcc-10.1.0/lib/gcc/x86_64-pc-linux-gnu/10.1.0/../../../../include/c++/10.1.0/x86_64-pc-linux-gnu]
    add: [/usr/local/gcc-10.1.0/lib/gcc/x86_64-pc-linux-gnu/10.1.0/../../../../include/c++/10.1.0/backward]
    add: [/usr/local/gcc-10.1.0/lib/gcc/x86_64-pc-linux-gnu/10.1.0/include]
    add: [/usr/local/include]
    add: [/usr/local/gcc-10.1.0/include]
    add: [/usr/local/gcc-10.1.0/lib/gcc/x86_64-pc-linux-gnu/10.1.0/include-fixed]
    add: [/usr/include/x86_64-linux-gnu]
    add: [/usr/include]
  end of search list found
  collapse include dir [/usr/local/gcc-10.1.0/lib/gcc/x86_64-pc-linux-gnu/10.1.0/../../../../include/c++/10.1.0] ==> [/usr/local/gcc-10.1.0/include/c++/10.1.0]
  collapse include dir [/usr/local/gcc-10.1.0/lib/gcc/x86_64-pc-linux-gnu/10.1.0/../../../../include/c++/10.1.0/x86_64-pc-linux-gnu] ==> [/usr/local/gcc-10.1.0/include/c++/10.1.0/x86_64-pc-linux-gnu]
  collapse include dir [/usr/local/gcc-10.1.0/lib/gcc/x86_64-pc-linux-gnu/10.1.0/../../../../include/c++/10.1.0/backward] ==> [/usr/local/gcc-10.1.0/include/c++/10.1.0/backward]
  collapse include dir [/usr/local/gcc-10.1.0/lib/gcc/x86_64-pc-linux-gnu/10.1.0/include] ==> [/usr/local/gcc-10.1.0/lib/gcc/x86_64-pc-linux-gnu/10.1.0/include]
  collapse include dir [/usr/local/include] ==> [/usr/local/include]
  collapse include dir [/usr/local/gcc-10.1.0/include] ==> [/usr/local/gcc-10.1.0/include]
  collapse include dir [/usr/local/gcc-10.1.0/lib/gcc/x86_64-pc-linux-gnu/10.1.0/include-fixed] ==> [/usr/local/gcc-10.1.0/lib/gcc/x86_64-pc-linux-gnu/10.1.0/include-fixed]
  collapse include dir [/usr/include/x86_64-linux-gnu] ==> [/usr/include/x86_64-linux-gnu]
  collapse include dir [/usr/include] ==> [/usr/include]
  implicit include dirs: [/usr/local/gcc-10.1.0/include/c++/10.1.0;/usr/local/gcc-10.1.0/include/c++/10.1.0/x86_64-pc-linux-gnu;/usr/local/gcc-10.1.0/include/c++/10.1.0/backward;/usr/local/gcc-10.1.0/lib/gcc/x86_64-pc-linux-gnu/10.1.0/include;/usr/local/include;/usr/local/gcc-10.1.0/include;/usr/local/gcc-10.1.0/lib/gcc/x86_64-pc-linux-gnu/10.1.0/include-fixed;/usr/include/x86_64-linux-gnu;/usr/include]


Parsed CXX implicit link information from above output:
  link line regex: [^( *|.*[/\])(ld|CMAKE_LINK_STARTFILE-NOTFOUND|([^/\]+-)?ld|collect2)[^/\]*( |$)]
  ignore line: [Change Dir: /home/wayne/catkin_slam/src/A-LOAM-devel/cmake-build-debug/CMakeFiles/CMakeTmp]
  ignore line: []
  ignore line: [Run Build Command(s):/home/wayne/clion-2022.1/bin/ninja/linux/ninja cmTC_84691 && [1/2] Building CXX object CMakeFiles/cmTC_84691.dir/CMakeCXXCompilerABI.cpp.o]
  ignore line: [Using built-in specs.]
  ignore line: [COLLECT_GCC=/usr/bin/c++]
  ignore line: [Target: x86_64-pc-linux-gnu]
  ignore line: [Configured with: ../configure --prefix=/usr/local/gcc-10.1.0/ --enable-checking=release --enable-languages=c c++ --disable-multilib --with-gmp=/usr/local/gmp-6.2.1 --with-mpfr=/usr/local/mpfr-4.1.0 --with-mpc=/usr/local/mpc-1.2.1]
  ignore line: [Thread model: posix]
  ignore line: [Supported LTO compression algorithms: zlib]
  ignore line: [gcc version 10.1.0 (GCC) ]
  ignore line: [COLLECT_GCC_OPTIONS='-v' '-o' 'CMakeFiles/cmTC_84691.dir/CMakeCXXCompilerABI.cpp.o' '-c' '-shared-libgcc' '-mtune=generic' '-march=x86-64']
  ignore line: [ /usr/local/gcc-10.1.0/libexec/gcc/x86_64-pc-linux-gnu/10.1.0/cc1plus -quiet -v -imultiarch x86_64-linux-gnu -D_GNU_SOURCE /home/wayne/clion-2022.1/bin/cmake/linux/share/cmake-3.22/Modules/CMakeCXXCompilerABI.cpp -quiet -dumpbase CMakeCXXCompilerABI.cpp -mtune=generic -march=x86-64 -auxbase-strip CMakeFiles/cmTC_84691.dir/CMakeCXXCompilerABI.cpp.o -version -o /tmp/ccy0wZWQ.s]
  ignore line: [GNU C++14 (GCC) version 10.1.0 (x86_64-pc-linux-gnu)]
  ignore line: [	compiled by GNU C version 10.1.0  GMP version 6.2.1  MPFR version 4.1.0  MPC version 1.2.1  isl version none]
  ignore line: [warning: GMP header version 6.2.1 differs from library version 6.1.2.]
  ignore line: [warning: MPFR header version 4.1.0 differs from library version 4.0.1.]
  ignore line: [warning: MPC header version 1.2.1 differs from library version 1.1.0.]
  ignore line: [GGC heuristics: --param ggc-min-expand=100 --param ggc-min-heapsize=131072]
  ignore line: [ignoring nonexistent directory "/usr/local/include/x86_64-linux-gnu"]
  ignore line: [ignoring nonexistent directory "/usr/local/gcc-10.1.0/lib/gcc/x86_64-pc-linux-gnu/10.1.0/../../../../x86_64-pc-linux-gnu/include"]
  ignore line: [#include "..." search starts here:]
  ignore line: [#include <...> search starts here:]
  ignore line: [ /usr/local/gcc-10.1.0/lib/gcc/x86_64-pc-linux-gnu/10.1.0/../../../../include/c++/10.1.0]
  ignore line: [ /usr/local/gcc-10.1.0/lib/gcc/x86_64-pc-linux-gnu/10.1.0/../../../../include/c++/10.1.0/x86_64-pc-linux-gnu]
  ignore line: [ /usr/local/gcc-10.1.0/lib/gcc/x86_64-pc-linux-gnu/10.1.0/../../../../include/c++/10.1.0/backward]
  ignore line: [ /usr/local/gcc-10.1.0/lib/gcc/x86_64-pc-linux-gnu/10.1.0/include]
  ignore line: [ /usr/local/include]
  ignore line: [ /usr/local/gcc-10.1.0/include]
  ignore line: [ /usr/local/gcc-10.1.0/lib/gcc/x86_64-pc-linux-gnu/10.1.0/include-fixed]
  ignore line: [ /usr/include/x86_64-linux-gnu]
  ignore line: [ /usr/include]
  ignore line: [End of search list.]
  ignore line: [GNU C++14 (GCC) version 10.1.0 (x86_64-pc-linux-gnu)]
  ignore line: [	compiled by GNU C version 10.1.0  GMP version 6.2.1  MPFR version 4.1.0  MPC version 1.2.1  isl version none]
  ignore line: [warning: GMP header version 6.2.1 differs from library version 6.1.2.]
  ignore line: [warning: MPFR header version 4.1.0 differs from library version 4.0.1.]
  ignore line: [warning: MPC header version 1.2.1 differs from library version 1.1.0.]
  ignore line: [GGC heuristics: --param ggc-min-expand=100 --param ggc-min-heapsize=131072]
  ignore line: [Compiler executable checksum: e16c94a29d509e85e8c6a074235312b6]
  ignore line: [COLLECT_GCC_OPTIONS='-v' '-o' 'CMakeFiles/cmTC_84691.dir/CMakeCXXCompilerABI.cpp.o' '-c' '-shared-libgcc' '-mtune=generic' '-march=x86-64']
  ignore line: [ as -v --64 -o CMakeFiles/cmTC_84691.dir/CMakeCXXCompilerABI.cpp.o /tmp/ccy0wZWQ.s]
  ignore line: [GNU assembler version 2.30 (x86_64-linux-gnu) using BFD version (GNU Binutils for Ubuntu) 2.30]
  ignore line: [COMPILER_PATH=/usr/local/gcc-10.1.0/libexec/gcc/x86_64-pc-linux-gnu/10.1.0/:/usr/local/gcc-10.1.0/libexec/gcc/x86_64-pc-linux-gnu/10.1.0/:/usr/local/gcc-10.1.0/libexec/gcc/x86_64-pc-linux-gnu/:/usr/local/gcc-10.1.0/lib/gcc/x86_64-pc-linux-gnu/10.1.0/:/usr/local/gcc-10.1.0/lib/gcc/x86_64-pc-linux-gnu/]
  ignore line: [LIBRARY_PATH=/usr/local/gcc-10.1.0/lib/gcc/x86_64-pc-linux-gnu/10.1.0/:/usr/local/gcc-10.1.0/lib/gcc/x86_64-pc-linux-gnu/10.1.0/../../../../lib64/:/lib/x86_64-linux-gnu/:/lib/../lib64/:/usr/lib/x86_64-linux-gnu/:/usr/local/gcc-10.1.0/lib/gcc/x86_64-pc-linux-gnu/10.1.0/../../../:/lib/:/usr/lib/]
  ignore line: [COLLECT_GCC_OPTIONS='-v' '-o' 'CMakeFiles/cmTC_84691.dir/CMakeCXXCompilerABI.cpp.o' '-c' '-shared-libgcc' '-mtune=generic' '-march=x86-64']
  ignore line: [[2/2] Linking CXX executable cmTC_84691]
  ignore line: [Using built-in specs.]
  ignore line: [COLLECT_GCC=/usr/bin/c++]
  ignore line: [COLLECT_LTO_WRAPPER=/usr/local/gcc-10.1.0/libexec/gcc/x86_64-pc-linux-gnu/10.1.0/lto-wrapper]
  ignore line: [Target: x86_64-pc-linux-gnu]
  ignore line: [Configured with: ../configure --prefix=/usr/local/gcc-10.1.0/ --enable-checking=release --enable-languages=c c++ --disable-multilib --with-gmp=/usr/local/gmp-6.2.1 --with-mpfr=/usr/local/mpfr-4.1.0 --with-mpc=/usr/local/mpc-1.2.1]
  ignore line: [Thread model: posix]
  ignore line: [Supported LTO compression algorithms: zlib]
  ignore line: [gcc version 10.1.0 (GCC) ]
  ignore line: [COMPILER_PATH=/usr/local/gcc-10.1.0/libexec/gcc/x86_64-pc-linux-gnu/10.1.0/:/usr/local/gcc-10.1.0/libexec/gcc/x86_64-pc-linux-gnu/10.1.0/:/usr/local/gcc-10.1.0/libexec/gcc/x86_64-pc-linux-gnu/:/usr/local/gcc-10.1.0/lib/gcc/x86_64-pc-linux-gnu/10.1.0/:/usr/local/gcc-10.1.0/lib/gcc/x86_64-pc-linux-gnu/]
  ignore line: [LIBRARY_PATH=/usr/local/gcc-10.1.0/lib/gcc/x86_64-pc-linux-gnu/10.1.0/:/usr/local/gcc-10.1.0/lib/gcc/x86_64-pc-linux-gnu/10.1.0/../../../../lib64/:/lib/x86_64-linux-gnu/:/lib/../lib64/:/usr/lib/x86_64-linux-gnu/:/usr/local/gcc-10.1.0/lib/gcc/x86_64-pc-linux-gnu/10.1.0/../../../:/lib/:/usr/lib/]
  ignore line: [COLLECT_GCC_OPTIONS='-v' '-rdynamic' '-o' 'cmTC_84691' '-shared-libgcc' '-mtune=generic' '-march=x86-64']
  link line: [ /usr/local/gcc-10.1.0/libexec/gcc/x86_64-pc-linux-gnu/10.1.0/collect2 -plugin /usr/local/gcc-10.1.0/libexec/gcc/x86_64-pc-linux-gnu/10.1.0/liblto_plugin.so -plugin-opt=/usr/local/gcc-10.1.0/libexec/gcc/x86_64-pc-linux-gnu/10.1.0/lto-wrapper -plugin-opt=-fresolution=/tmp/ccSSI66P.res -plugin-opt=-pass-through=-lgcc_s -plugin-opt=-pass-through=-lgcc -plugin-opt=-pass-through=-lc -plugin-opt=-pass-through=-lgcc_s -plugin-opt=-pass-through=-lgcc --eh-frame-hdr -m elf_x86_64 -export-dynamic -dynamic-linker /lib64/ld-linux-x86-64.so.2 -o cmTC_84691 /usr/lib/x86_64-linux-gnu/crt1.o /usr/lib/x86_64-linux-gnu/crti.o /usr/local/gcc-10.1.0/lib/gcc/x86_64-pc-linux-gnu/10.1.0/crtbegin.o -L/usr/local/gcc-10.1.0/lib/gcc/x86_64-pc-linux-gnu/10.1.0 -L/usr/local/gcc-10.1.0/lib/gcc/x86_64-pc-linux-gnu/10.1.0/../../../../lib64 -L/lib/x86_64-linux-gnu -L/lib/../lib64 -L/usr/lib/x86_64-linux-gnu -L/usr/local/gcc-10.1.0/lib/gcc/x86_64-pc-linux-gnu/10.1.0/../../.. CMakeFiles/cmTC_84691.dir/CMakeCXXCompilerABI.cpp.o -lstdc++ -lm -lgcc_s -lgcc -lc -lgcc_s -lgcc /usr/local/gcc-10.1.0/lib/gcc/x86_64-pc-linux-gnu/10.1.0/crtend.o /usr/lib/x86_64-linux-gnu/crtn.o]
    arg [/usr/local/gcc-10.1.0/libexec/gcc/x86_64-pc-linux-gnu/10.1.0/collect2] ==> ignore
    arg [-plugin] ==> ignore
    arg [/usr/local/gcc-10.1.0/libexec/gcc/x86_64-pc-linux-gnu/10.1.0/liblto_plugin.so] ==> ignore
    arg [-plugin-opt=/usr/local/gcc-10.1.0/libexec/gcc/x86_64-pc-linux-gnu/10.1.0/lto-wrapper] ==> ignore
    arg [-plugin-opt=-fresolution=/tmp/ccSSI66P.res] ==> ignore
    arg [-plugin-opt=-pass-through=-lgcc_s] ==> ignore
    arg [-plugin-opt=-pass-through=-lgcc] ==> ignore
    arg [-plugin-opt=-pass-through=-lc] ==> ignore
    arg [-plugin-opt=-pass-through=-lgcc_s] ==> ignore
    arg [-plugin-opt=-pass-through=-lgcc] ==> ignore
    arg [--eh-frame-hdr] ==> ignore
    arg [-m] ==> ignore
    arg [elf_x86_64] ==> ignore
    arg [-export-dynamic] ==> ignore
    arg [-dynamic-linker] ==> ignore
    arg [/lib64/ld-linux-x86-64.so.2] ==> ignore
    arg [-o] ==> ignore
    arg [cmTC_84691] ==> ignore
    arg [/usr/lib/x86_64-linux-gnu/crt1.o] ==> obj [/usr/lib/x86_64-linux-gnu/crt1.o]
    arg [/usr/lib/x86_64-linux-gnu/crti.o] ==> obj [/usr/lib/x86_64-linux-gnu/crti.o]
    arg [/usr/local/gcc-10.1.0/lib/gcc/x86_64-pc-linux-gnu/10.1.0/crtbegin.o] ==> obj [/usr/local/gcc-10.1.0/lib/gcc/x86_64-pc-linux-gnu/10.1.0/crtbegin.o]
    arg [-L/usr/local/gcc-10.1.0/lib/gcc/x86_64-pc-linux-gnu/10.1.0] ==> dir [/usr/local/gcc-10.1.0/lib/gcc/x86_64-pc-linux-gnu/10.1.0]
    arg [-L/usr/local/gcc-10.1.0/lib/gcc/x86_64-pc-linux-gnu/10.1.0/../../../../lib64] ==> dir [/usr/local/gcc-10.1.0/lib/gcc/x86_64-pc-linux-gnu/10.1.0/../../../../lib64]
    arg [-L/lib/x86_64-linux-gnu] ==> dir [/lib/x86_64-linux-gnu]
    arg [-L/lib/../lib64] ==> dir [/lib/../lib64]
    arg [-L/usr/lib/x86_64-linux-gnu] ==> dir [/usr/lib/x86_64-linux-gnu]
    arg [-L/usr/local/gcc-10.1.0/lib/gcc/x86_64-pc-linux-gnu/10.1.0/../../..] ==> dir [/usr/local/gcc-10.1.0/lib/gcc/x86_64-pc-linux-gnu/10.1.0/../../..]
    arg [CMakeFiles/cmTC_84691.dir/CMakeCXXCompilerABI.cpp.o] ==> ignore
    arg [-lstdc++] ==> lib [stdc++]
    arg [-lm] ==> lib [m]
    arg [-lgcc_s] ==> lib [gcc_s]
    arg [-lgcc] ==> lib [gcc]
    arg [-lc] ==> lib [c]
    arg [-lgcc_s] ==> lib [gcc_s]
    arg [-lgcc] ==> lib [gcc]
    arg [/usr/local/gcc-10.1.0/lib/gcc/x86_64-pc-linux-gnu/10.1.0/crtend.o] ==> obj [/usr/local/gcc-10.1.0/lib/gcc/x86_64-pc-linux-gnu/10.1.0/crtend.o]
    arg [/usr/lib/x86_64-linux-gnu/crtn.o] ==> obj [/usr/lib/x86_64-linux-gnu/crtn.o]
  collapse library dir [/usr/local/gcc-10.1.0/lib/gcc/x86_64-pc-linux-gnu/10.1.0] ==> [/usr/local/gcc-10.1.0/lib/gcc/x86_64-pc-linux-gnu/10.1.0]
  collapse library dir [/usr/local/gcc-10.1.0/lib/gcc/x86_64-pc-linux-gnu/10.1.0/../../../../lib64] ==> [/usr/local/gcc-10.1.0/lib64]
  collapse library dir [/lib/x86_64-linux-gnu] ==> [/lib/x86_64-linux-gnu]
  collapse library dir [/lib/../lib64] ==> [/lib64]
  collapse library dir [/usr/lib/x86_64-linux-gnu] ==> [/usr/lib/x86_64-linux-gnu]
  collapse library dir [/usr/local/gcc-10.1.0/lib/gcc/x86_64-pc-linux-gnu/10.1.0/../../..] ==> [/usr/local/gcc-10.1.0/lib]
  implicit libs: [stdc++;m;gcc_s;gcc;c;gcc_s;gcc]
  implicit objs: [/usr/lib/x86_64-linux-gnu/crt1.o;/usr/lib/x86_64-linux-gnu/crti.o;/usr/local/gcc-10.1.0/lib/gcc/x86_64-pc-linux-gnu/10.1.0/crtbegin.o;/usr/local/gcc-10.1.0/lib/gcc/x86_64-pc-linux-gnu/10.1.0/crtend.o;/usr/lib/x86_64-linux-gnu/crtn.o]
  implicit dirs: [/usr/local/gcc-10.1.0/lib/gcc/x86_64-pc-linux-gnu/10.1.0;/usr/local/gcc-10.1.0/lib64;/lib/x86_64-linux-gnu;/lib64;/usr/lib/x86_64-linux-gnu;/usr/local/gcc-10.1.0/lib]
  implicit fwks: []


Determining if the include file pthread.h exists passed with the following output:
Change Dir: /home/wayne/catkin_slam/src/A-LOAM-devel/cmake-build-debug/CMakeFiles/CMakeTmp

Run Build Command(s):/home/wayne/clion-2022.1/bin/ninja/linux/ninja cmTC_b5cd4 && [1/2] Building C object CMakeFiles/cmTC_b5cd4.dir/CheckIncludeFile.c.o
[2/2] Linking C executable cmTC_b5cd4



Determining if the function pthread_create exists in the pthread passed with the following output:
Change Dir: /home/wayne/catkin_slam/src/A-LOAM-devel/cmake-build-debug/CMakeFiles/CMakeTmp

Run Build Command(s):/home/wayne/clion-2022.1/bin/ninja/linux/ninja cmTC_4069d && [1/2] Building C object CMakeFiles/cmTC_4069d.dir/CheckFunctionExists.c.o
[2/2] Linking C executable cmTC_4069d



